./logs/automation-26-06-2025 17:37:12.429 [main] DEBUG org.testng.TestNG - suiteXmlPath: "C:\Users\User\eclipse\opencart\master.xml"
./logs/automation-26-06-2025 17:37:15.255 [main] INFO  testCases.TC001_AccountRegistrationTest - Chrome Browser
./logs/automation-26-06-2025 17:37:20.769 [main] INFO  testCases.TC001_AccountRegistrationTest - ****** Starting TC001_AccountRegistationTest********
./logs/automation-26-06-2025 17:37:20.994 [main] INFO  testCases.TC001_AccountRegistrationTest - *Clicked on MyAccount link*
./logs/automation-26-06-2025 17:37:22.827 [main] INFO  testCases.TC001_AccountRegistrationTest - *Clicked on Register link*
./logs/automation-26-06-2025 17:37:22.834 [main] INFO  testCases.TC001_AccountRegistrationTest - *Providing customer details*
./logs/automation-26-06-2025 17:37:24.824 [main] INFO  testCases.TC001_AccountRegistrationTest - *Validating expected Message*
./logs/automation-26-06-2025 17:37:24.825 [main] INFO  testCases.TC001_AccountRegistrationTest - Messge Aafter Account Registration:Your Account Has Been Created!
./logs/automation-26-06-2025 17:37:26.877 [main] INFO  testCases.TC002_LoginTest - Chrome Browser
./logs/automation-26-06-2025 17:37:31.816 [main] INFO  testCases.TC002_LoginTest - ******Starting TC002 LoingTest**********
./logs/automation-26-06-2025 17:37:31.816 [main] INFO  testCases.TC002_LoginTest - Home page 
./logs/automation-26-06-2025 17:37:32.736 [main] INFO  testCases.TC002_LoginTest - Login page 
./logs/automation-26-06-2025 17:37:33.065 [main] INFO  testCases.TC002_LoginTest - My Account Page 
./logs/automation-26-06-2025 17:37:34.357 [main] INFO  testCases.TC002_LoginTest - **********TC002_LogingTest Finish******
./logs/automation-26-06-2025 17:37:36.113 [main] INFO  testCases.TC003_LogingDDT - Chrome Browser
./logs/automation-26-06-2025 17:37:41.357 [main] DEBUG org.apache.poi.openxml4j.opc.PackageRelationshipCollection - Parsing relationship: /xl/_rels/workbook.xml.rels
./logs/automation-26-06-2025 17:37:41.362 [main] DEBUG org.apache.poi.openxml4j.opc.PackageRelationshipCollection - Parsing relationship: /xl/worksheets/_rels/sheet1.xml.rels
./logs/automation-26-06-2025 17:37:41.365 [main] DEBUG org.apache.poi.openxml4j.opc.PackageRelationshipCollection - Parsing relationship: /_rels/.rels
./logs/automation-26-06-2025 17:37:42.325 [main] DEBUG org.apache.poi.openxml4j.opc.PackageRelationshipCollection - Parsing relationship: /xl/_rels/workbook.xml.rels
./logs/automation-26-06-2025 17:37:42.327 [main] DEBUG org.apache.poi.openxml4j.opc.PackageRelationshipCollection - Parsing relationship: /xl/worksheets/_rels/sheet1.xml.rels
./logs/automation-26-06-2025 17:37:42.331 [main] DEBUG org.apache.poi.openxml4j.opc.PackageRelationshipCollection - Parsing relationship: /_rels/.rels
./logs/automation-26-06-2025 17:37:42.374 [main] DEBUG org.apache.poi.openxml4j.opc.PackageRelationshipCollection - Parsing relationship: /xl/_rels/workbook.xml.rels
./logs/automation-26-06-2025 17:37:42.376 [main] DEBUG org.apache.poi.openxml4j.opc.PackageRelationshipCollection - Parsing relationship: /xl/worksheets/_rels/sheet1.xml.rels
./logs/automation-26-06-2025 17:37:42.378 [main] DEBUG org.apache.poi.openxml4j.opc.PackageRelationshipCollection - Parsing relationship: /_rels/.rels
./logs/automation-26-06-2025 17:37:42.416 [main] DEBUG org.apache.poi.openxml4j.opc.PackageRelationshipCollection - Parsing relationship: /xl/_rels/workbook.xml.rels
./logs/automation-26-06-2025 17:37:42.418 [main] DEBUG org.apache.poi.openxml4j.opc.PackageRelationshipCollection - Parsing relationship: /xl/worksheets/_rels/sheet1.xml.rels
./logs/automation-26-06-2025 17:37:42.420 [main] DEBUG org.apache.poi.openxml4j.opc.PackageRelationshipCollection - Parsing relationship: /_rels/.rels
./logs/automation-26-06-2025 17:37:42.454 [main] DEBUG org.apache.poi.openxml4j.opc.PackageRelationshipCollection - Parsing relationship: /xl/_rels/workbook.xml.rels
./logs/automation-26-06-2025 17:37:42.457 [main] DEBUG org.apache.poi.openxml4j.opc.PackageRelationshipCollection - Parsing relationship: /xl/worksheets/_rels/sheet1.xml.rels
./logs/automation-26-06-2025 17:37:42.460 [main] DEBUG org.apache.poi.openxml4j.opc.PackageRelationshipCollection - Parsing relationship: /_rels/.rels
./logs/automation-26-06-2025 17:37:42.491 [main] DEBUG org.apache.poi.openxml4j.opc.PackageRelationshipCollection - Parsing relationship: /xl/_rels/workbook.xml.rels
./logs/automation-26-06-2025 17:37:42.493 [main] DEBUG org.apache.poi.openxml4j.opc.PackageRelationshipCollection - Parsing relationship: /xl/worksheets/_rels/sheet1.xml.rels
./logs/automation-26-06-2025 17:37:42.496 [main] DEBUG org.apache.poi.openxml4j.opc.PackageRelationshipCollection - Parsing relationship: /_rels/.rels
./logs/automation-26-06-2025 17:37:42.531 [main] DEBUG org.apache.poi.openxml4j.opc.PackageRelationshipCollection - Parsing relationship: /xl/_rels/workbook.xml.rels
./logs/automation-26-06-2025 17:37:42.535 [main] DEBUG org.apache.poi.openxml4j.opc.PackageRelationshipCollection - Parsing relationship: /xl/worksheets/_rels/sheet1.xml.rels
./logs/automation-26-06-2025 17:37:42.538 [main] DEBUG org.apache.poi.openxml4j.opc.PackageRelationshipCollection - Parsing relationship: /_rels/.rels
./logs/automation-26-06-2025 17:37:42.587 [main] DEBUG org.apache.poi.openxml4j.opc.PackageRelationshipCollection - Parsing relationship: /xl/_rels/workbook.xml.rels
./logs/automation-26-06-2025 17:37:42.588 [main] DEBUG org.apache.poi.openxml4j.opc.PackageRelationshipCollection - Parsing relationship: /xl/worksheets/_rels/sheet1.xml.rels
./logs/automation-26-06-2025 17:37:42.590 [main] DEBUG org.apache.poi.openxml4j.opc.PackageRelationshipCollection - Parsing relationship: /_rels/.rels
./logs/automation-26-06-2025 17:37:42.612 [main] DEBUG org.apache.poi.openxml4j.opc.PackageRelationshipCollection - Parsing relationship: /xl/_rels/workbook.xml.rels
./logs/automation-26-06-2025 17:37:42.614 [main] DEBUG org.apache.poi.openxml4j.opc.PackageRelationshipCollection - Parsing relationship: /xl/worksheets/_rels/sheet1.xml.rels
./logs/automation-26-06-2025 17:37:42.617 [main] DEBUG org.apache.poi.openxml4j.opc.PackageRelationshipCollection - Parsing relationship: /_rels/.rels
./logs/automation-26-06-2025 17:37:42.642 [main] DEBUG org.apache.poi.openxml4j.opc.PackageRelationshipCollection - Parsing relationship: /xl/_rels/workbook.xml.rels
./logs/automation-26-06-2025 17:37:42.644 [main] DEBUG org.apache.poi.openxml4j.opc.PackageRelationshipCollection - Parsing relationship: /xl/worksheets/_rels/sheet1.xml.rels
./logs/automation-26-06-2025 17:37:42.646 [main] DEBUG org.apache.poi.openxml4j.opc.PackageRelationshipCollection - Parsing relationship: /_rels/.rels
./logs/automation-26-06-2025 17:37:42.681 [main] DEBUG org.apache.poi.openxml4j.opc.PackageRelationshipCollection - Parsing relationship: /xl/_rels/workbook.xml.rels
./logs/automation-26-06-2025 17:37:42.682 [main] DEBUG org.apache.poi.openxml4j.opc.PackageRelationshipCollection - Parsing relationship: /xl/worksheets/_rels/sheet1.xml.rels
./logs/automation-26-06-2025 17:37:42.683 [main] DEBUG org.apache.poi.openxml4j.opc.PackageRelationshipCollection - Parsing relationship: /_rels/.rels
./logs/automation-26-06-2025 17:37:42.706 [main] DEBUG org.apache.poi.openxml4j.opc.PackageRelationshipCollection - Parsing relationship: /xl/_rels/workbook.xml.rels
./logs/automation-26-06-2025 17:37:42.708 [main] DEBUG org.apache.poi.openxml4j.opc.PackageRelationshipCollection - Parsing relationship: /xl/worksheets/_rels/sheet1.xml.rels
./logs/automation-26-06-2025 17:37:42.709 [main] DEBUG org.apache.poi.openxml4j.opc.PackageRelationshipCollection - Parsing relationship: /_rels/.rels
./logs/automation-26-06-2025 17:37:42.743 [main] DEBUG org.apache.poi.openxml4j.opc.PackageRelationshipCollection - Parsing relationship: /xl/_rels/workbook.xml.rels
./logs/automation-26-06-2025 17:37:42.746 [main] DEBUG org.apache.poi.openxml4j.opc.PackageRelationshipCollection - Parsing relationship: /xl/worksheets/_rels/sheet1.xml.rels
./logs/automation-26-06-2025 17:37:42.749 [main] DEBUG org.apache.poi.openxml4j.opc.PackageRelationshipCollection - Parsing relationship: /_rels/.rels
./logs/automation-26-06-2025 17:37:42.781 [main] DEBUG org.apache.poi.openxml4j.opc.PackageRelationshipCollection - Parsing relationship: /xl/_rels/workbook.xml.rels
./logs/automation-26-06-2025 17:37:42.783 [main] DEBUG org.apache.poi.openxml4j.opc.PackageRelationshipCollection - Parsing relationship: /xl/worksheets/_rels/sheet1.xml.rels
./logs/automation-26-06-2025 17:37:42.784 [main] DEBUG org.apache.poi.openxml4j.opc.PackageRelationshipCollection - Parsing relationship: /_rels/.rels
./logs/automation-26-06-2025 17:37:42.814 [main] DEBUG org.apache.poi.openxml4j.opc.PackageRelationshipCollection - Parsing relationship: /xl/_rels/workbook.xml.rels
./logs/automation-26-06-2025 17:37:42.818 [main] DEBUG org.apache.poi.openxml4j.opc.PackageRelationshipCollection - Parsing relationship: /xl/worksheets/_rels/sheet1.xml.rels
./logs/automation-26-06-2025 17:37:42.820 [main] DEBUG org.apache.poi.openxml4j.opc.PackageRelationshipCollection - Parsing relationship: /_rels/.rels
./logs/automation-26-06-2025 17:37:42.848 [main] DEBUG org.apache.poi.openxml4j.opc.PackageRelationshipCollection - Parsing relationship: /xl/_rels/workbook.xml.rels
./logs/automation-26-06-2025 17:37:42.849 [main] DEBUG org.apache.poi.openxml4j.opc.PackageRelationshipCollection - Parsing relationship: /xl/worksheets/_rels/sheet1.xml.rels
./logs/automation-26-06-2025 17:37:42.850 [main] DEBUG org.apache.poi.openxml4j.opc.PackageRelationshipCollection - Parsing relationship: /_rels/.rels
./logs/automation-26-06-2025 17:37:42.877 [main] DEBUG org.apache.poi.openxml4j.opc.PackageRelationshipCollection - Parsing relationship: /xl/_rels/workbook.xml.rels
./logs/automation-26-06-2025 17:37:42.878 [main] DEBUG org.apache.poi.openxml4j.opc.PackageRelationshipCollection - Parsing relationship: /xl/worksheets/_rels/sheet1.xml.rels
./logs/automation-26-06-2025 17:37:42.880 [main] DEBUG org.apache.poi.openxml4j.opc.PackageRelationshipCollection - Parsing relationship: /_rels/.rels
./logs/automation-26-06-2025 17:37:42.895 [main] DEBUG org.apache.poi.openxml4j.opc.PackageRelationshipCollection - Parsing relationship: /xl/_rels/workbook.xml.rels
./logs/automation-26-06-2025 17:37:42.898 [main] DEBUG org.apache.poi.openxml4j.opc.PackageRelationshipCollection - Parsing relationship: /xl/worksheets/_rels/sheet1.xml.rels
./logs/automation-26-06-2025 17:37:42.899 [main] DEBUG org.apache.poi.openxml4j.opc.PackageRelationshipCollection - Parsing relationship: /_rels/.rels
./logs/automation-26-06-2025 17:37:42.922 [main] DEBUG org.apache.poi.openxml4j.opc.PackageRelationshipCollection - Parsing relationship: /xl/_rels/workbook.xml.rels
./logs/automation-26-06-2025 17:37:42.924 [main] DEBUG org.apache.poi.openxml4j.opc.PackageRelationshipCollection - Parsing relationship: /xl/worksheets/_rels/sheet1.xml.rels
./logs/automation-26-06-2025 17:37:42.925 [main] DEBUG org.apache.poi.openxml4j.opc.PackageRelationshipCollection - Parsing relationship: /_rels/.rels
./logs/automation-26-06-2025 17:37:42.952 [main] DEBUG org.apache.poi.openxml4j.opc.PackageRelationshipCollection - Parsing relationship: /xl/_rels/workbook.xml.rels
./logs/automation-26-06-2025 17:37:42.953 [main] DEBUG org.apache.poi.openxml4j.opc.PackageRelationshipCollection - Parsing relationship: /xl/worksheets/_rels/sheet1.xml.rels
./logs/automation-26-06-2025 17:37:42.954 [main] DEBUG org.apache.poi.openxml4j.opc.PackageRelationshipCollection - Parsing relationship: /_rels/.rels
./logs/automation-26-06-2025 17:37:42.984 [main] INFO  testCases.TC003_LogingDDT - ***********TC003_LoginDDT_Started*******
./logs/automation-26-06-2025 17:37:46.885 [main] INFO  testCases.TC003_LogingDDT - ***********TC003_LoginDDT_Finish***********
./logs/automation-26-06-2025 17:37:46.887 [main] INFO  testCases.TC003_LogingDDT - ***********TC003_LoginDDT_Started*******
./logs/automation-26-06-2025 17:37:57.742 [main] INFO  testCases.TC003_LogingDDT - ***********TC003_LoginDDT_Finish***********
./logs/automation-26-06-2025 17:37:57.742 [main] INFO  testCases.TC003_LogingDDT - ***********TC003_LoginDDT_Started*******
./logs/automation-26-06-2025 17:38:09.319 [main] INFO  testCases.TC003_LogingDDT - ***********TC003_LoginDDT_Finish***********
./logs/automation-26-06-2025 17:38:09.319 [main] INFO  testCases.TC003_LogingDDT - ***********TC003_LoginDDT_Started*******
./logs/automation-26-06-2025 17:38:12.202 [main] INFO  testCases.TC003_LogingDDT - ***********TC003_LoginDDT_Finish***********
./logs/automation-26-06-2025 17:38:12.207 [main] INFO  testCases.TC003_LogingDDT - ***********TC003_LoginDDT_Started*******
./logs/automation-26-06-2025 17:38:23.030 [main] INFO  testCases.TC003_LogingDDT - ***********TC003_LoginDDT_Finish***********
./logs/automation-26-06-2025 17:38:23.030 [main] INFO  testCases.TC003_LogingDDT - ***********TC003_LoginDDT_Started*******
./logs/automation-26-06-2025 17:38:34.996 [main] INFO  testCases.TC003_LogingDDT - ***********TC003_LoginDDT_Finish***********
